<?xml version="1.0" encoding="UTF-8"?>
<testsuite xmlns:xsi="http://www.w3.org/2001/XMLSchema-instance" xsi:noNamespaceSchemaLocation="https://maven.apache.org/surefire/maven-surefire-plugin/xsd/surefire-test-report-3.0.xsd" version="3.0" name="com.swati.first_project.FirstProjectApplicationTests" time="3.72" tests="1" errors="0" skipped="0" failures="0">
  <properties>
[...]
</properties>
  <testcase name="contextLoads" classname="com.swati.first_project.FirstProjectApplicationTests" time="1.284">
    <system-out><![CDATA[12:07:07.934 [main] INFO org.springframework.test.context.support.AnnotationConfigContextLoaderUtils -- Could not detect default configuration classes for test class [com.swati.first_project.FirstProjectApplicationTests]: FirstProjectApplicationTests does not declare any static, non-private, non-final, nested classes annotated with @Configuration.
12:07:08.064 [main] INFO org.springframework.boot.test.context.SpringBootTestContextBootstrapper -- Found @SpringBootConfiguration com.swati.first_project.FirstProjectApplication for test class com.swati.first_project.FirstProjectApplicationTests
12:07:08.277 [main] INFO org.springframework.boot.devtools.restart.RestartApplicationListener -- Restart disabled due to context in which it is running

  .   ____          _            __ _ _
 /\\ / ___'_ __ _ _(_)_ __  __ _ \ \ \ \
( ( )\___ | '_ | '_| | '_ \/ _` | \ \ \ \
 \\/  ___)| |_)| | | | | || (_| |  ) ) ) )
  '  |____| .__|_| |_|_| |_\__, | / / / /
 =========|_|==============|___/=/_/_/_/
 :: Spring Boot ::                (v3.2.0)

2024-01-12T12:07:08.570+05:30  INFO 11044 --- [           main] c.s.f.FirstProjectApplicationTests       : Starting FirstProjectApplicationTests using Java 17.0.9 with PID 11044 (started by M Swati in c:\SpringWorkspace\first_project)
2024-01-12T12:07:08.571+05:30  INFO 11044 --- [           main] c.s.f.FirstProjectApplicationTests       : No active profile set, falling back to 1 default profile: "default"
2024-01-12T12:07:10.129+05:30  INFO 11044 --- [           main] c.s.f.FirstProjectApplicationTests       : Started FirstProjectApplicationTests in 1.869 seconds (process running for 3.044)
]]></system-out>
  </testcase>
</testsuite>